2022-12-06 22:55:58,763 - INFO: Platform: Linux-5.19.17-2-MANJARO-x86_64-with-arch-Manjaro-Linux
2022-12-06 22:55:58,764 - INFO: Path: /home/leme/ING3/SYMUA/src/qtgui
2022-12-06 22:55:58,764 - INFO: Python: 3.6.7
2022-12-06 23:05:03,642 - INFO: Platform: Linux-5.19.17-2-MANJARO-x86_64-with-arch-Manjaro-Linux
2022-12-06 23:05:03,643 - INFO: Path: /home/leme/ING3/SYMUA/src/qtgui
2022-12-06 23:05:03,643 - INFO: Python: 3.6.7
2022-12-06 23:05:28,404 - INFO: Platform: Linux-5.19.17-2-MANJARO-x86_64-with-arch-Manjaro-Linux
2022-12-06 23:05:28,405 - INFO: Path: /home/leme/ING3/SYMUA/src/qtgui
2022-12-06 23:05:28,405 - INFO: Python: 3.6.7
2022-12-06 23:05:41,650 - INFO: Platform: Linux-5.19.17-2-MANJARO-x86_64-with-arch-Manjaro-Linux
2022-12-06 23:05:41,650 - INFO: Path: /home/leme/ING3/SYMUA/src/qtgui
2022-12-06 23:05:41,651 - INFO: Python: 3.6.7
2022-12-06 23:26:06,861 - INFO: Platform: Linux-5.19.17-2-MANJARO-x86_64-with-arch-Manjaro-Linux
2022-12-06 23:26:06,861 - INFO: Path: /home/leme/ING3/SYMUA/src/qtgui
2022-12-06 23:26:06,862 - INFO: Python: 3.6.7
2022-12-06 23:26:38,712 - INFO: Platform: Linux-5.19.17-2-MANJARO-x86_64-with-arch-Manjaro-Linux
2022-12-06 23:26:38,713 - INFO: Path: /home/leme/ING3/SYMUA/src/qtgui
2022-12-06 23:26:38,713 - INFO: Python: 3.6.7
2022-12-06 23:29:55,064 - INFO: Platform: Linux-5.19.17-2-MANJARO-x86_64-with-arch-Manjaro-Linux
2022-12-06 23:29:55,065 - INFO: Path: /home/leme/ING3/SYMUA/src/qtgui
2022-12-06 23:29:55,066 - INFO: Python: 3.6.7
2022-12-06 23:30:57,846 - INFO: Platform: Linux-5.19.17-2-MANJARO-x86_64-with-arch-Manjaro-Linux
2022-12-06 23:30:57,846 - INFO: Path: /home/leme/ING3/SYMUA/src/qtgui
2022-12-06 23:30:57,846 - INFO: Python: 3.6.7
2022-12-06 23:35:27,666 - INFO: Platform: Linux-5.19.17-2-MANJARO-x86_64-with-arch-Manjaro-Linux
2022-12-06 23:35:27,667 - INFO: Path: /home/leme/ING3/SYMUA/src/qtgui
2022-12-06 23:35:27,667 - INFO: Python: 3.6.7
2022-12-06 23:36:50,137 - INFO: Platform: Linux-5.19.17-2-MANJARO-x86_64-with-arch-Manjaro-Linux
2022-12-06 23:36:50,137 - INFO: Path: /home/leme/ING3/SYMUA/src/qtgui
2022-12-06 23:36:50,138 - INFO: Python: 3.6.7
2022-12-06 23:37:13,795 - INFO: Platform: Linux-5.19.17-2-MANJARO-x86_64-with-arch-Manjaro-Linux
2022-12-06 23:37:13,796 - INFO: Path: /home/leme/ING3/SYMUA/src/qtgui
2022-12-06 23:37:13,796 - INFO: Python: 3.6.7
2022-12-06 23:37:25,367 - INFO: Platform: Linux-5.19.17-2-MANJARO-x86_64-with-arch-Manjaro-Linux
2022-12-06 23:37:25,368 - INFO: Path: /home/leme/ING3/SYMUA/src/qtgui
2022-12-06 23:37:25,368 - INFO: Python: 3.6.7
2022-12-06 23:37:38,337 - INFO: Platform: Linux-5.19.17-2-MANJARO-x86_64-with-arch-Manjaro-Linux
2022-12-06 23:37:38,337 - INFO: Path: /home/leme/ING3/SYMUA/src/qtgui
2022-12-06 23:37:38,338 - INFO: Python: 3.6.7
2022-12-06 23:37:50,572 - INFO: Platform: Linux-5.19.17-2-MANJARO-x86_64-with-arch-Manjaro-Linux
2022-12-06 23:37:50,572 - INFO: Path: /home/leme/ING3/SYMUA/src/qtgui
2022-12-06 23:37:50,573 - INFO: Python: 3.6.7
2022-12-06 23:39:08,129 - INFO: Platform: Linux-5.19.17-2-MANJARO-x86_64-with-arch-Manjaro-Linux
2022-12-06 23:39:08,130 - INFO: Path: /home/leme/ING3/SYMUA/src/qtgui
2022-12-06 23:39:08,130 - INFO: Python: 3.6.7
2022-12-06 23:39:23,557 - INFO: Platform: Linux-5.19.17-2-MANJARO-x86_64-with-arch-Manjaro-Linux
2022-12-06 23:39:23,558 - INFO: Path: /home/leme/ING3/SYMUA/src/qtgui
2022-12-06 23:39:23,558 - INFO: Python: 3.6.7
2022-12-06 23:39:37,807 - INFO: Platform: Linux-5.19.17-2-MANJARO-x86_64-with-arch-Manjaro-Linux
2022-12-06 23:39:37,808 - INFO: Path: /home/leme/ING3/SYMUA/src/qtgui
2022-12-06 23:39:37,808 - INFO: Python: 3.6.7
2022-12-06 23:39:58,668 - INFO: Platform: Linux-5.19.17-2-MANJARO-x86_64-with-arch-Manjaro-Linux
2022-12-06 23:39:58,669 - INFO: Path: /home/leme/ING3/SYMUA/src/qtgui
2022-12-06 23:39:58,669 - INFO: Python: 3.6.7
2022-12-06 23:40:11,704 - INFO: Platform: Linux-5.19.17-2-MANJARO-x86_64-with-arch-Manjaro-Linux
2022-12-06 23:40:11,705 - INFO: Path: /home/leme/ING3/SYMUA/src/qtgui
2022-12-06 23:40:11,705 - INFO: Python: 3.6.7
2022-12-06 23:40:23,218 - INFO: Platform: Linux-5.19.17-2-MANJARO-x86_64-with-arch-Manjaro-Linux
2022-12-06 23:40:23,218 - INFO: Path: /home/leme/ING3/SYMUA/src/qtgui
2022-12-06 23:40:23,219 - INFO: Python: 3.6.7
2022-12-06 23:40:34,625 - INFO: Platform: Linux-5.19.17-2-MANJARO-x86_64-with-arch-Manjaro-Linux
2022-12-06 23:40:34,625 - INFO: Path: /home/leme/ING3/SYMUA/src/qtgui
2022-12-06 23:40:34,626 - INFO: Python: 3.6.7
2022-12-06 23:40:55,495 - INFO: Platform: Linux-5.19.17-2-MANJARO-x86_64-with-arch-Manjaro-Linux
2022-12-06 23:40:55,497 - INFO: Path: /home/leme/ING3/SYMUA/src/qtgui
2022-12-06 23:40:55,497 - INFO: Python: 3.6.7
2022-12-06 23:41:07,129 - INFO: Platform: Linux-5.19.17-2-MANJARO-x86_64-with-arch-Manjaro-Linux
2022-12-06 23:41:07,129 - INFO: Path: /home/leme/ING3/SYMUA/src/qtgui
2022-12-06 23:41:07,130 - INFO: Python: 3.6.7
2022-12-06 23:41:18,328 - INFO: Platform: Linux-5.19.17-2-MANJARO-x86_64-with-arch-Manjaro-Linux
2022-12-06 23:41:18,329 - INFO: Path: /home/leme/ING3/SYMUA/src/qtgui
2022-12-06 23:41:18,329 - INFO: Python: 3.6.7
2022-12-06 23:42:35,761 - INFO: Platform: Linux-5.19.17-2-MANJARO-x86_64-with-arch-Manjaro-Linux
2022-12-06 23:42:35,761 - INFO: Path: /home/leme/ING3/SYMUA/src/qtgui
2022-12-06 23:42:35,762 - INFO: Python: 3.6.7
2022-12-06 23:42:56,163 - INFO: Platform: Linux-5.19.17-2-MANJARO-x86_64-with-arch-Manjaro-Linux
2022-12-06 23:42:56,164 - INFO: Path: /home/leme/ING3/SYMUA/src/qtgui
2022-12-06 23:42:56,165 - INFO: Python: 3.6.7
2022-12-06 23:44:26,259 - INFO: Platform: Linux-5.19.17-2-MANJARO-x86_64-with-arch-Manjaro-Linux
2022-12-06 23:44:26,259 - INFO: Path: /home/leme/ING3/SYMUA/src/qtgui
2022-12-06 23:44:26,260 - INFO: Python: 3.6.7
2022-12-06 23:44:40,772 - INFO: Platform: Linux-5.19.17-2-MANJARO-x86_64-with-arch-Manjaro-Linux
2022-12-06 23:44:40,773 - INFO: Path: /home/leme/ING3/SYMUA/src/qtgui
2022-12-06 23:44:40,773 - INFO: Python: 3.6.7
2022-12-06 23:44:52,256 - INFO: Platform: Linux-5.19.17-2-MANJARO-x86_64-with-arch-Manjaro-Linux
2022-12-06 23:44:52,256 - INFO: Path: /home/leme/ING3/SYMUA/src/qtgui
2022-12-06 23:44:52,257 - INFO: Python: 3.6.7
2022-12-06 23:45:04,638 - INFO: Platform: Linux-5.19.17-2-MANJARO-x86_64-with-arch-Manjaro-Linux
2022-12-06 23:45:04,639 - INFO: Path: /home/leme/ING3/SYMUA/src/qtgui
2022-12-06 23:45:04,640 - INFO: Python: 3.6.7
2022-12-07 04:44:11,695 - INFO: Platform: Linux-5.19.17-2-MANJARO-x86_64-with-arch-Manjaro-Linux
2022-12-07 04:44:11,695 - INFO: Path: /home/leme/ING3/SYMUA/src/qtgui
2022-12-07 04:44:11,695 - INFO: Python: 3.6.7
2022-12-07 04:46:54,214 - INFO: Platform: Linux-5.19.17-2-MANJARO-x86_64-with-arch-Manjaro-Linux
2022-12-07 04:46:54,214 - INFO: Path: /home/leme/ING3/SYMUA/src/qtgui
2022-12-07 04:46:54,215 - INFO: Python: 3.6.7
2022-12-07 05:00:50,685 - INFO: Platform: Linux-5.19.17-2-MANJARO-x86_64-with-arch-Manjaro-Linux
2022-12-07 05:00:50,686 - INFO: Path: /home/leme/ING3/SYMUA/src/qtgui
2022-12-07 05:00:50,686 - INFO: Python: 3.6.1
2022-12-07 05:01:45,484 - INFO: Platform: Linux-5.19.17-2-MANJARO-x86_64-with-arch-Manjaro-Linux
2022-12-07 05:01:45,485 - INFO: Path: /home/leme/ING3/SYMUA/src/qtgui
2022-12-07 05:01:45,485 - INFO: Python: 3.6.1
2022-12-07 05:09:08,433 - INFO: Platform: Linux-5.19.17-2-MANJARO-x86_64-with-glibc2.10
2022-12-07 05:09:08,434 - INFO: Path: /home/leme/ING3/SYMUA/src/qtgui
2022-12-07 05:09:08,434 - INFO: Python: 3.8.1
2022-12-07 05:10:28,358 - INFO: Platform: Linux-5.19.17-2-MANJARO-x86_64-with-glibc2.10
2022-12-07 05:10:28,359 - INFO: Path: /home/leme/ING3/SYMUA/src/qtgui
2022-12-07 05:10:28,359 - INFO: Python: 3.8.1
2022-12-07 05:11:36,850 - INFO: Platform: Linux-5.19.17-2-MANJARO-x86_64-with-glibc2.10
2022-12-07 05:11:36,851 - INFO: Path: /home/leme/ING3/SYMUA/src/qtgui
2022-12-07 05:11:36,851 - INFO: Python: 3.8.1
2022-12-07 05:13:41,333 - INFO: Platform: Linux-5.19.17-2-MANJARO-x86_64-with-glibc2.10
2022-12-07 05:13:41,333 - INFO: Path: /home/leme/ING3/SYMUA/src/qtgui
2022-12-07 05:13:41,334 - INFO: Python: 3.8.1
2022-12-07 05:20:13,208 - INFO: Platform: Linux-5.19.17-2-MANJARO-x86_64-with-glibc2.10
2022-12-07 05:20:13,209 - INFO: Path: /home/leme/ING3/SYMUA/src/qtgui
2022-12-07 05:20:13,209 - INFO: Python: 3.8.1
2022-12-07 05:20:55,947 - INFO: Platform: Linux-5.19.17-2-MANJARO-x86_64-with-glibc2.10
2022-12-07 05:20:55,948 - INFO: Path: /home/leme/ING3/SYMUA/src/qtgui
2022-12-07 05:20:55,948 - INFO: Python: 3.8.1
2022-12-07 05:25:20,531 - INFO: Platform: Linux-5.19.17-2-MANJARO-x86_64-with-glibc2.10
2022-12-07 05:25:20,532 - INFO: Path: /home/leme/ING3/SYMUA/src/qtgui
2022-12-07 05:25:20,532 - INFO: Python: 3.8.1
2022-12-07 05:28:34,006 - INFO: Platform: Linux-5.19.17-2-MANJARO-x86_64-with-glibc2.10
2022-12-07 05:28:34,006 - INFO: Path: /home/leme/ING3/SYMUA/src/qtgui
2022-12-07 05:28:34,006 - INFO: Python: 3.8.1
2022-12-07 05:29:14,843 - INFO: Platform: Linux-5.19.17-2-MANJARO-x86_64-with-glibc2.10
2022-12-07 05:29:14,844 - INFO: Path: /home/leme/ING3/SYMUA/src/qtgui
2022-12-07 05:29:14,844 - INFO: Python: 3.8.1
2022-12-07 05:30:03,449 - INFO: Platform: Linux-5.19.17-2-MANJARO-x86_64-with-glibc2.10
2022-12-07 05:30:03,449 - INFO: Path: /home/leme/ING3/SYMUA/src/qtgui
2022-12-07 05:30:03,449 - INFO: Python: 3.8.1
2022-12-07 05:31:11,085 - INFO: Platform: Linux-5.19.17-2-MANJARO-x86_64-with-glibc2.10
2022-12-07 05:31:11,085 - INFO: Path: /home/leme/ING3/SYMUA/src/qtgui
2022-12-07 05:31:11,085 - INFO: Python: 3.8.1
2022-12-07 05:32:17,983 - INFO: Platform: Linux-5.19.17-2-MANJARO-x86_64-with-glibc2.10
2022-12-07 05:32:17,984 - INFO: Path: /home/leme/ING3/SYMUA/src/qtgui
2022-12-07 05:32:17,984 - INFO: Python: 3.8.1
2022-12-07 05:32:43,971 - INFO: Platform: Linux-5.19.17-2-MANJARO-x86_64-with-glibc2.10
2022-12-07 05:32:43,971 - INFO: Path: /home/leme/ING3/SYMUA/src/qtgui
2022-12-07 05:32:43,971 - INFO: Python: 3.8.1
2022-12-07 05:33:59,594 - INFO: Platform: Linux-5.19.17-2-MANJARO-x86_64-with-glibc2.10
2022-12-07 05:33:59,595 - INFO: Path: /home/leme/ING3/SYMUA/src/qtgui
2022-12-07 05:33:59,595 - INFO: Python: 3.8.1
2022-12-07 05:35:12,568 - INFO: Platform: Linux-5.19.17-2-MANJARO-x86_64-with-glibc2.10
2022-12-07 05:35:12,568 - INFO: Path: /home/leme/ING3/SYMUA/src/qtgui
2022-12-07 05:35:12,568 - INFO: Python: 3.8.1
2022-12-07 05:35:58,707 - INFO: Platform: Linux-5.19.17-2-MANJARO-x86_64-with-glibc2.10
2022-12-07 05:35:58,707 - INFO: Path: /home/leme/ING3/SYMUA/src/qtgui
2022-12-07 05:35:58,708 - INFO: Python: 3.8.1
2022-12-07 05:36:30,995 - INFO: Platform: Linux-5.19.17-2-MANJARO-x86_64-with-glibc2.10
2022-12-07 05:36:30,996 - INFO: Path: /home/leme/ING3/SYMUA/src/qtgui
2022-12-07 05:36:30,996 - INFO: Python: 3.8.1
2022-12-07 05:37:35,489 - INFO: Platform: Linux-5.19.17-2-MANJARO-x86_64-with-glibc2.10
2022-12-07 05:37:35,489 - INFO: Path: /home/leme/ING3/SYMUA/src/qtgui
2022-12-07 05:37:35,489 - INFO: Python: 3.8.1
2022-12-07 05:39:32,786 - INFO: Platform: Linux-5.19.17-2-MANJARO-x86_64-with-glibc2.10
2022-12-07 05:39:32,786 - INFO: Path: /home/leme/ING3/SYMUA/src/qtgui
2022-12-07 05:39:32,787 - INFO: Python: 3.8.1
2022-12-07 05:40:09,055 - INFO: Platform: Linux-5.19.17-2-MANJARO-x86_64-with-glibc2.10
2022-12-07 05:40:09,055 - INFO: Path: /home/leme/ING3/SYMUA/src/qtgui
2022-12-07 05:40:09,055 - INFO: Python: 3.8.1
2022-12-07 05:40:45,403 - INFO: Platform: Linux-5.19.17-2-MANJARO-x86_64-with-glibc2.10
2022-12-07 05:40:45,403 - INFO: Path: /home/leme/ING3/SYMUA/src/qtgui
2022-12-07 05:40:45,404 - INFO: Python: 3.8.1
2022-12-07 05:41:16,793 - INFO: Platform: Linux-5.19.17-2-MANJARO-x86_64-with-glibc2.10
2022-12-07 05:41:16,794 - INFO: Path: /home/leme/ING3/SYMUA/src/qtgui
2022-12-07 05:41:16,794 - INFO: Python: 3.8.1
2022-12-07 05:44:41,305 - INFO: Platform: Linux-5.19.17-2-MANJARO-x86_64-with-glibc2.10
2022-12-07 05:44:41,305 - INFO: Path: /home/leme/ING3/SYMUA/src/qtgui
2022-12-07 05:44:41,305 - INFO: Python: 3.8.1
2022-12-07 05:48:46,067 - INFO: Platform: Linux-5.19.17-2-MANJARO-x86_64-with-glibc2.10
2022-12-07 05:48:46,068 - INFO: Path: /home/leme/ING3/SYMUA/src/qtgui
2022-12-07 05:48:46,068 - INFO: Python: 3.8.1
2022-12-07 05:49:23,125 - INFO: Platform: Linux-5.19.17-2-MANJARO-x86_64-with-glibc2.10
2022-12-07 05:49:23,126 - INFO: Path: /home/leme/ING3/SYMUA/src/qtgui
2022-12-07 05:49:23,126 - INFO: Python: 3.8.1
2022-12-07 05:50:12,002 - INFO: Platform: Linux-5.19.17-2-MANJARO-x86_64-with-glibc2.10
2022-12-07 05:50:12,002 - INFO: Path: /home/leme/ING3/SYMUA/src/qtgui
2022-12-07 05:50:12,003 - INFO: Python: 3.8.1
2022-12-07 05:50:21,682 - INFO: <MultiAgentProcess.run> {}
2022-12-07 05:50:21,736 - INFO: <direction_map_obstacles> Time: 6.3 ms
2022-12-07 05:50:21,740 - INFO: <obstacle_handling> Time: 3.2 ms
2022-12-07 05:50:21,760 - INFO: <obstacle_handling> Time: 376.6 µs
2022-12-07 05:50:43,811 - INFO: <MultiAgentProcess.stop> {}
2022-12-07 05:50:49,659 - INFO: <MultiAgentProcess.run> {}
2022-12-07 05:50:49,717 - INFO: <direction_map_obstacles> Time: 6.5 ms
2022-12-07 05:50:49,720 - INFO: <obstacle_handling> Time: 3.2 ms
2022-12-07 05:50:49,740 - INFO: <obstacle_handling> Time: 379.4 µs
2022-12-07 05:51:26,571 - INFO: <MultiAgentProcess.stop> {}
2022-12-07 05:52:42,349 - INFO: <MultiAgentProcess.run> {}
2022-12-07 05:52:42,398 - INFO: <direction_map_obstacles> Time: 3.7 ms
2022-12-07 05:52:42,401 - INFO: <obstacle_handling> Time: 2.9 ms
2022-12-07 05:52:42,412 - INFO: <obstacle_handling> Time: 182.4 µs
2022-12-07 05:54:07,897 - INFO: <MultiAgentProcess.stop> {}
2022-12-07 05:54:07,910 - INFO: <MultiAgentProcess.stop> {}
2022-12-07 05:54:07,914 - INFO: <MultiAgentProcess.stop> {}
